{"timestamp": "2026-02-01T02:57:22.238717", "logger": "ichancy_service", "event": "API_CALL", "service": "ichancy", "action": "checkStatus", "success": true, "duration_ms": 4320.376396179199, "status_code": 200}
{"timestamp": "2026-02-01T02:58:15.397200", "logger": "ichancy_service", "event": "API_CALL", "service": "ichancy", "action": "createPlayer", "success": true, "duration_ms": 9148.0712890625, "status_code": 200}
{"timestamp": "2026-02-01T02:59:16.739584", "logger": "ichancy_service", "event": "API_CALL", "service": "ichancy", "action": "checkStatus", "success": true, "duration_ms": 4546.924591064453, "status_code": 200}
{"timestamp": "2026-02-01T02:59:24.978524", "logger": "ichancy_service", "event": "API_CALL", "service": "ichancy", "action": "checkStatus", "success": true, "duration_ms": 4423.886299133301, "status_code": 200}
{"timestamp": "2026-02-01T03:00:10.076844", "logger": "ichancy_service", "event": "API_CALL", "service": "ichancy", "action": "checkStatus", "success": true, "duration_ms": 4509.804010391235, "status_code": 200}
{"timestamp": "2026-02-01T03:00:20.470827", "logger": "ichancy_service", "event": "API_CALL", "service": "ichancy", "action": "checkStatus", "success": true, "duration_ms": 4764.127969741821, "status_code": 200}
{"timestamp": "2026-02-01T03:03:17.981394", "logger": "ichancy_service", "event": "API_CALL", "service": "ichancy", "action": "checkStatus", "success": true, "duration_ms": 4899.3024826049805, "status_code": 200}
{"timestamp": "2026-02-01T03:08:22.943750", "logger": "ichancy_service", "event": "API_CALL", "service": "ichancy", "action": "checkStatus", "success": true, "duration_ms": 3999.842882156372, "status_code": 200}
{"timestamp": "2026-02-01T03:09:08.828779", "logger": "ichancy_service", "event": "API_CALL", "service": "ichancy", "action": "checkStatus", "success": true, "duration_ms": 3812.509059906006, "status_code": 200}
{"timestamp": "2026-02-01T03:11:43.623659", "logger": "ichancy_service", "event": "API_CALL", "service": "ichancy", "action": "get_player_balance", "success": true, "duration_ms": 8187.823534011841, "status_code": 200}
{"timestamp": "2026-02-01T03:13:03.004106", "logger": "ichancy_service", "event": "API_CALL", "service": "ichancy", "action": "get_player_balance", "success": true, "duration_ms": 7642.413377761841, "status_code": 200}
{"timestamp": "2026-02-01T03:13:11.437702", "logger": "ichancy_service", "event": "API_CALL", "service": "ichancy", "action": "get_player_balance", "success": true, "duration_ms": 7806.685209274292, "status_code": 200}
{"timestamp": "2026-02-01T03:13:19.682717", "logger": "ichancy_service", "event": "API_CALL", "service": "ichancy", "action": "get_player_balance", "success": true, "duration_ms": 7376.174449920654, "status_code": 200}
{"timestamp": "2026-02-01T03:13:28.421691", "logger": "ichancy_service", "event": "API_CALL", "service": "ichancy", "action": "get_player_balance", "success": true, "duration_ms": 8080.355644226074, "status_code": 200}
{"timestamp": "2026-02-01T03:15:33.308201", "logger": "ichancy_service", "event": "API_CALL", "service": "ichancy", "action": "checkStatus", "success": true, "duration_ms": 3753.3493041992188, "status_code": 200}
{"timestamp": "2026-02-01T03:31:00.535205", "logger": "ichancy_service", "event": "API_CALL", "service": "ichancy", "action": "checkStatus", "success": false, "duration_ms": 15439.026594161987, "error": "timeout"}
{"timestamp": "2026-02-01T03:31:04.540672", "logger": "admin_auth", "event": "SECURITY_ADMIN_LOGIN_CONFIG", "user_id": null, "ip_address": "127.0.0.1"}
{"timestamp": "2026-02-01T03:31:05.176569", "logger": "ichancy_service", "event": "API_CALL", "service": "ichancy", "action": "checkStatus", "success": true, "duration_ms": 3640.6729221343994, "status_code": 200}
{"timestamp": "2026-02-01T03:31:08.925160", "logger": "ichancy_service", "event": "API_CALL", "service": "ichancy", "action": "checkStatus", "success": true, "duration_ms": 3749.598264694214, "status_code": 200}
{"timestamp": "2026-02-01T03:31:16.636566", "logger": "ichancy_service", "event": "API_CALL", "service": "ichancy", "action": "checkAgentBalance", "success": true, "duration_ms": 7711.4057540893555, "status_code": 200}
{"timestamp": "2026-02-01T03:31:25.298996", "logger": "ichancy_service", "event": "API_CALL", "service": "ichancy", "action": "checkStatus", "success": true, "duration_ms": 3723.2394218444824, "status_code": 200}
{"timestamp": "2026-02-01T03:31:32.564407", "logger": "ichancy_service", "event": "API_CALL", "service": "ichancy", "action": "checkAgentBalance", "success": true, "duration_ms": 7265.410900115967, "status_code": 200}
{"timestamp": "2026-02-01T03:33:29.486490", "logger": "ichancy_service", "event": "API_CALL", "service": "ichancy", "action": "checkStatus", "success": true, "duration_ms": 3679.2850494384766, "status_code": 200}
{"timestamp": "2026-02-01T03:33:35.129178", "logger": "ichancy_service", "event": "API_CALL", "service": "ichancy", "action": "checkStatus", "success": true, "duration_ms": 4076.4598846435547, "status_code": 200}
{"timestamp": "2026-02-01T03:33:42.533030", "logger": "ichancy_service", "event": "API_CALL", "service": "ichancy", "action": "checkAgentBalance", "success": true, "duration_ms": 7403.852701187134, "status_code": 200}
{"timestamp": "2026-02-01T03:34:35.814914", "logger": "ichancy_service", "event": "API_CALL", "service": "ichancy", "action": "checkStatus", "success": true, "duration_ms": 3718.055009841919, "status_code": 200}
{"timestamp": "2026-02-01T03:35:39.095864", "logger": "ichancy_service", "event": "API_CALL", "service": "ichancy", "action": "checkStatus", "success": true, "duration_ms": 4734.642744064331, "status_code": 200}
{"timestamp": "2026-02-01T03:37:35.845497", "logger": "ichancy_service", "event": "API_CALL", "service": "ichancy", "action": "get_player_balance", "success": true, "duration_ms": 7560.894250869751, "status_code": 200}
